2022-02-09 15:00:20,675 [myid:] - INFO  [main:QuorumPeerConfig@174] - Reading configuration from: conf/zoo.cfg
2022-02-09 15:00:20,677 [myid:] - WARN  [main:VerifyingFileFactory@65] - conf/zoo.cfg is relative. Prepend ./ to indicate that you're sure!
2022-02-09 15:00:20,685 [myid:] - INFO  [main:QuorumPeerConfig@460] - clientPortAddress is 0.0.0.0:2181
2022-02-09 15:00:20,685 [myid:] - INFO  [main:QuorumPeerConfig@464] - secureClientPort is not set
2022-02-09 15:00:20,685 [myid:] - INFO  [main:QuorumPeerConfig@480] - observerMasterPort is not set
2022-02-09 15:00:20,685 [myid:] - INFO  [main:QuorumPeerConfig@497] - metricsProvider.className is org.apache.zookeeper.metrics.impl.DefaultMetricsProvider
2022-02-09 15:00:20,687 [myid:] - INFO  [main:DatadirCleanupManager@78] - autopurge.snapRetainCount set to 3
2022-02-09 15:00:20,687 [myid:] - INFO  [main:DatadirCleanupManager@79] - autopurge.purgeInterval set to 0
2022-02-09 15:00:20,687 [myid:] - INFO  [main:DatadirCleanupManager@101] - Purge task is not scheduled.
2022-02-09 15:00:20,687 [myid:] - WARN  [main:QuorumPeerMain@138] - Either no config or no quorum defined in config, running in standalone mode
2022-02-09 15:00:20,689 [myid:] - INFO  [main:ManagedUtil@44] - Log4j 1.2 jmx support found and enabled.
2022-02-09 15:00:20,693 [myid:] - INFO  [main:QuorumPeerConfig@174] - Reading configuration from: conf/zoo.cfg
2022-02-09 15:00:20,693 [myid:] - WARN  [main:VerifyingFileFactory@65] - conf/zoo.cfg is relative. Prepend ./ to indicate that you're sure!
2022-02-09 15:00:20,693 [myid:] - INFO  [main:QuorumPeerConfig@460] - clientPortAddress is 0.0.0.0:2181
2022-02-09 15:00:20,693 [myid:] - INFO  [main:QuorumPeerConfig@464] - secureClientPort is not set
2022-02-09 15:00:20,693 [myid:] - INFO  [main:QuorumPeerConfig@480] - observerMasterPort is not set
2022-02-09 15:00:20,693 [myid:] - INFO  [main:QuorumPeerConfig@497] - metricsProvider.className is org.apache.zookeeper.metrics.impl.DefaultMetricsProvider
2022-02-09 15:00:20,693 [myid:] - INFO  [main:ZooKeeperServerMain@122] - Starting server
2022-02-09 15:00:20,700 [myid:] - INFO  [main:ServerMetrics@62] - ServerMetrics initialized with provider org.apache.zookeeper.metrics.impl.DefaultMetricsProvider@1d251891
2022-02-09 15:00:20,702 [myid:] - INFO  [main:FileTxnSnapLog@124] - zookeeper.snapshot.trust.empty : false
2022-02-09 15:00:20,708 [myid:] - INFO  [main:ZookeeperBanner@42] - 
2022-02-09 15:00:20,708 [myid:] - INFO  [main:ZookeeperBanner@42] -   ______                  _                                          
2022-02-09 15:00:20,708 [myid:] - INFO  [main:ZookeeperBanner@42] -  |___  /                 | |                                         
2022-02-09 15:00:20,708 [myid:] - INFO  [main:ZookeeperBanner@42] -     / /    ___     ___   | | __   ___    ___   _ __     ___   _ __   
2022-02-09 15:00:20,708 [myid:] - INFO  [main:ZookeeperBanner@42] -    / /    / _ \   / _ \  | |/ /  / _ \  / _ \ | '_ \   / _ \ | '__|
2022-02-09 15:00:20,708 [myid:] - INFO  [main:ZookeeperBanner@42] -   / /__  | (_) | | (_) | |   <  |  __/ |  __/ | |_) | |  __/ | |    
2022-02-09 15:00:20,708 [myid:] - INFO  [main:ZookeeperBanner@42] -  /_____|  \___/   \___/  |_|\_\  \___|  \___| | .__/   \___| |_|
2022-02-09 15:00:20,708 [myid:] - INFO  [main:ZookeeperBanner@42] -                                               | |                     
2022-02-09 15:00:20,708 [myid:] - INFO  [main:ZookeeperBanner@42] -                                               |_|                     
2022-02-09 15:00:20,708 [myid:] - INFO  [main:ZookeeperBanner@42] - 
2022-02-09 15:00:20,709 [myid:] - INFO  [main:Environment@98] - Server environment:zookeeper.version=3.6.3--6401e4ad2087061bc6b9f80dec2d69f2e3c8660a, built on 04/08/2021 16:35 GMT
2022-02-09 15:00:20,709 [myid:] - INFO  [main:Environment@98] - Server environment:host.name=localhost
2022-02-09 15:00:20,709 [myid:] - INFO  [main:Environment@98] - Server environment:java.version=1.8.0_322
2022-02-09 15:00:20,709 [myid:] - INFO  [main:Environment@98] - Server environment:java.vendor=Azul Systems, Inc.
2022-02-09 15:00:20,709 [myid:] - INFO  [main:Environment@98] - Server environment:java.home=/Library/Java/JavaVirtualMachines/zulu-8.jdk/Contents/Home/jre
2022-02-09 15:00:20,709 [myid:] - INFO  [main:Environment@98] - Server environment:java.class.path=/Users/ayusman/migrate/kafka/apache-zookeeper/bin/../zookeeper-server/target/classes:/Users/ayusman/migrate/kafka/apache-zookeeper/bin/../build/classes:/Users/ayusman/migrate/kafka/apache-zookeeper/bin/../zookeeper-server/target/lib/*.jar:/Users/ayusman/migrate/kafka/apache-zookeeper/bin/../build/lib/*.jar:/Users/ayusman/migrate/kafka/apache-zookeeper/bin/../lib/zookeeper-prometheus-metrics-3.6.3.jar:/Users/ayusman/migrate/kafka/apache-zookeeper/bin/../lib/zookeeper-jute-3.6.3.jar:/Users/ayusman/migrate/kafka/apache-zookeeper/bin/../lib/zookeeper-3.6.3.jar:/Users/ayusman/migrate/kafka/apache-zookeeper/bin/../lib/snappy-java-1.1.7.jar:/Users/ayusman/migrate/kafka/apache-zookeeper/bin/../lib/slf4j-log4j12-1.7.25.jar:/Users/ayusman/migrate/kafka/apache-zookeeper/bin/../lib/slf4j-api-1.7.25.jar:/Users/ayusman/migrate/kafka/apache-zookeeper/bin/../lib/simpleclient_servlet-0.6.0.jar:/Users/ayusman/migrate/kafka/apache-zookeeper/bin/../lib/simpleclient_hotspot-0.6.0.jar:/Users/ayusman/migrate/kafka/apache-zookeeper/bin/../lib/simpleclient_common-0.6.0.jar:/Users/ayusman/migrate/kafka/apache-zookeeper/bin/../lib/simpleclient-0.6.0.jar:/Users/ayusman/migrate/kafka/apache-zookeeper/bin/../lib/netty-transport-native-unix-common-4.1.63.Final.jar:/Users/ayusman/migrate/kafka/apache-zookeeper/bin/../lib/netty-transport-native-epoll-4.1.63.Final.jar:/Users/ayusman/migrate/kafka/apache-zookeeper/bin/../lib/netty-transport-4.1.63.Final.jar:/Users/ayusman/migrate/kafka/apache-zookeeper/bin/../lib/netty-resolver-4.1.63.Final.jar:/Users/ayusman/migrate/kafka/apache-zookeeper/bin/../lib/netty-handler-4.1.63.Final.jar:/Users/ayusman/migrate/kafka/apache-zookeeper/bin/../lib/netty-common-4.1.63.Final.jar:/Users/ayusman/migrate/kafka/apache-zookeeper/bin/../lib/netty-codec-4.1.63.Final.jar:/Users/ayusman/migrate/kafka/apache-zookeeper/bin/../lib/netty-buffer-4.1.63.Final.jar:/Users/ayusman/migrate/kafka/apache-zookeeper/bin/../lib/metrics-core-3.2.5.jar:/Users/ayusman/migrate/kafka/apache-zookeeper/bin/../lib/log4j-1.2.17.jar:/Users/ayusman/migrate/kafka/apache-zookeeper/bin/../lib/json-simple-1.1.1.jar:/Users/ayusman/migrate/kafka/apache-zookeeper/bin/../lib/jline-2.14.6.jar:/Users/ayusman/migrate/kafka/apache-zookeeper/bin/../lib/jetty-util-ajax-9.4.39.v20210325.jar:/Users/ayusman/migrate/kafka/apache-zookeeper/bin/../lib/jetty-util-9.4.39.v20210325.jar:/Users/ayusman/migrate/kafka/apache-zookeeper/bin/../lib/jetty-servlet-9.4.39.v20210325.jar:/Users/ayusman/migrate/kafka/apache-zookeeper/bin/../lib/jetty-server-9.4.39.v20210325.jar:/Users/ayusman/migrate/kafka/apache-zookeeper/bin/../lib/jetty-security-9.4.39.v20210325.jar:/Users/ayusman/migrate/kafka/apache-zookeeper/bin/../lib/jetty-io-9.4.39.v20210325.jar:/Users/ayusman/migrate/kafka/apache-zookeeper/bin/../lib/jetty-http-9.4.39.v20210325.jar:/Users/ayusman/migrate/kafka/apache-zookeeper/bin/../lib/javax.servlet-api-3.1.0.jar:/Users/ayusman/migrate/kafka/apache-zookeeper/bin/../lib/jackson-databind-2.10.5.1.jar:/Users/ayusman/migrate/kafka/apache-zookeeper/bin/../lib/jackson-core-2.10.5.jar:/Users/ayusman/migrate/kafka/apache-zookeeper/bin/../lib/jackson-annotations-2.10.5.jar:/Users/ayusman/migrate/kafka/apache-zookeeper/bin/../lib/commons-cli-1.2.jar:/Users/ayusman/migrate/kafka/apache-zookeeper/bin/../lib/audience-annotations-0.5.0.jar:/Users/ayusman/migrate/kafka/apache-zookeeper/bin/../zookeeper-*.jar:/Users/ayusman/migrate/kafka/apache-zookeeper/bin/../zookeeper-server/src/main/resources/lib/*.jar:/Users/ayusman/migrate/kafka/apache-zookeeper/bin/../conf:
2022-02-09 15:00:20,709 [myid:] - INFO  [main:Environment@98] - Server environment:java.library.path=/Users/ayusman/Library/Java/Extensions:/Library/Java/Extensions:/Network/Library/Java/Extensions:/System/Library/Java/Extensions:/usr/lib/java:.
2022-02-09 15:00:20,710 [myid:] - INFO  [main:Environment@98] - Server environment:java.io.tmpdir=/var/folders/1j/zyk40h0s0zd6t9zp0wgryhm00000gn/T/
2022-02-09 15:00:20,710 [myid:] - INFO  [main:Environment@98] - Server environment:java.compiler=<NA>
2022-02-09 15:00:20,710 [myid:] - INFO  [main:Environment@98] - Server environment:os.name=Mac OS X
2022-02-09 15:00:20,710 [myid:] - INFO  [main:Environment@98] - Server environment:os.arch=aarch64
2022-02-09 15:00:20,710 [myid:] - INFO  [main:Environment@98] - Server environment:os.version=12.0.1
2022-02-09 15:00:20,710 [myid:] - INFO  [main:Environment@98] - Server environment:user.name=ayusman
2022-02-09 15:00:20,710 [myid:] - INFO  [main:Environment@98] - Server environment:user.home=/Users/ayusman
2022-02-09 15:00:20,710 [myid:] - INFO  [main:Environment@98] - Server environment:user.dir=/Users/ayusman/migrate/kafka/apache-zookeeper
2022-02-09 15:00:20,710 [myid:] - INFO  [main:Environment@98] - Server environment:os.memory.free=109MB
2022-02-09 15:00:20,710 [myid:] - INFO  [main:Environment@98] - Server environment:os.memory.max=889MB
2022-02-09 15:00:20,710 [myid:] - INFO  [main:Environment@98] - Server environment:os.memory.total=123MB
2022-02-09 15:00:20,710 [myid:] - INFO  [main:ZooKeeperServer@129] - zookeeper.enableEagerACLCheck = false
2022-02-09 15:00:20,710 [myid:] - INFO  [main:ZooKeeperServer@137] - zookeeper.digest.enabled = true
2022-02-09 15:00:20,710 [myid:] - INFO  [main:ZooKeeperServer@141] - zookeeper.closeSessionTxn.enabled = true
2022-02-09 15:00:20,710 [myid:] - INFO  [main:ZooKeeperServer@1461] - zookeeper.flushDelay=0
2022-02-09 15:00:20,710 [myid:] - INFO  [main:ZooKeeperServer@1470] - zookeeper.maxWriteQueuePollTime=0
2022-02-09 15:00:20,710 [myid:] - INFO  [main:ZooKeeperServer@1479] - zookeeper.maxBatchSize=1000
2022-02-09 15:00:20,710 [myid:] - INFO  [main:ZooKeeperServer@243] - zookeeper.intBufferStartingSizeBytes = 1024
2022-02-09 15:00:20,711 [myid:] - INFO  [main:BlueThrottle@141] - Weighed connection throttling is disabled
2022-02-09 15:00:20,711 [myid:] - INFO  [main:ZooKeeperServer@1273] - minSessionTimeout set to 4000
2022-02-09 15:00:20,711 [myid:] - INFO  [main:ZooKeeperServer@1282] - maxSessionTimeout set to 40000
2022-02-09 15:00:20,711 [myid:] - INFO  [main:ResponseCache@45] - Response cache size is initialized with value 400.
2022-02-09 15:00:20,712 [myid:] - INFO  [main:ResponseCache@45] - Response cache size is initialized with value 400.
2022-02-09 15:00:20,712 [myid:] - INFO  [main:RequestPathMetricsCollector@109] - zookeeper.pathStats.slotCapacity = 60
2022-02-09 15:00:20,712 [myid:] - INFO  [main:RequestPathMetricsCollector@110] - zookeeper.pathStats.slotDuration = 15
2022-02-09 15:00:20,712 [myid:] - INFO  [main:RequestPathMetricsCollector@111] - zookeeper.pathStats.maxDepth = 6
2022-02-09 15:00:20,712 [myid:] - INFO  [main:RequestPathMetricsCollector@112] - zookeeper.pathStats.initialDelay = 5
2022-02-09 15:00:20,712 [myid:] - INFO  [main:RequestPathMetricsCollector@113] - zookeeper.pathStats.delay = 5
2022-02-09 15:00:20,712 [myid:] - INFO  [main:RequestPathMetricsCollector@114] - zookeeper.pathStats.enabled = false
2022-02-09 15:00:20,714 [myid:] - INFO  [main:ZooKeeperServer@1498] - The max bytes for all large requests are set to 104857600
2022-02-09 15:00:20,714 [myid:] - INFO  [main:ZooKeeperServer@1512] - The large request threshold is set to -1
2022-02-09 15:00:20,714 [myid:] - INFO  [main:ZooKeeperServer@339] - Created server with tickTime 2000 minSessionTimeout 4000 maxSessionTimeout 40000 clientPortListenBacklog -1 datadir /Users/ayusman/migrate/kafka/apache-zookeeper/data/version-2 snapdir /Users/ayusman/migrate/kafka/apache-zookeeper/data/version-2
2022-02-09 15:00:20,729 [myid:] - INFO  [main:Log@169] - Logging initialized @560ms to org.eclipse.jetty.util.log.Slf4jLog
2022-02-09 15:00:20,769 [myid:] - WARN  [main:ContextHandler@1660] - o.e.j.s.ServletContextHandler@1b68ddbd{/,null,STOPPED} contextPath ends with /*
2022-02-09 15:00:20,769 [myid:] - WARN  [main:ContextHandler@1671] - Empty contextPath
2022-02-09 15:00:20,778 [myid:] - INFO  [main:Server@375] - jetty-9.4.39.v20210325; built: 2021-03-25T14:42:11.471Z; git: 9fc7ca5a922f2a37b84ec9dbc26a5168cee7e667; jvm 1.8.0_322-b06
2022-02-09 15:00:20,794 [myid:] - INFO  [main:DefaultSessionIdManager@334] - DefaultSessionIdManager workerName=node0
2022-02-09 15:00:20,794 [myid:] - INFO  [main:DefaultSessionIdManager@339] - No SessionScavenger set, using defaults
2022-02-09 15:00:20,795 [myid:] - INFO  [main:HouseKeeper@132] - node0 Scavenging every 660000ms
2022-02-09 15:00:20,796 [myid:] - WARN  [main:ConstraintSecurityHandler@759] - ServletContext@o.e.j.s.ServletContextHandler@1b68ddbd{/,null,STARTING} has uncovered http methods for path: /*
2022-02-09 15:00:20,800 [myid:] - INFO  [main:ContextHandler@916] - Started o.e.j.s.ServletContextHandler@1b68ddbd{/,null,AVAILABLE}
2022-02-09 15:00:20,810 [myid:] - INFO  [main:AbstractConnector@331] - Started ServerConnector@5abca1e0{HTTP/1.1, (http/1.1)}{0.0.0.0:8080}
2022-02-09 15:00:20,810 [myid:] - INFO  [main:Server@415] - Started @641ms
2022-02-09 15:00:20,811 [myid:] - INFO  [main:JettyAdminServer@191] - Started AdminServer on address 0.0.0.0, port 8080 and command URL /commands
2022-02-09 15:00:20,813 [myid:] - INFO  [main:ServerCnxnFactory@169] - Using org.apache.zookeeper.server.NIOServerCnxnFactory as server connection factory
2022-02-09 15:00:20,814 [myid:] - WARN  [main:ServerCnxnFactory@309] - maxCnxns is not configured, using default value 0.
2022-02-09 15:00:20,814 [myid:] - INFO  [main:NIOServerCnxnFactory@666] - Configuring NIO connection handler with 10s sessionless connection timeout, 2 selector thread(s), 16 worker threads, and 64 kB direct buffers.
2022-02-09 15:00:20,815 [myid:] - INFO  [main:NIOServerCnxnFactory@674] - binding to port 0.0.0.0/0.0.0.0:2181
2022-02-09 15:00:20,823 [myid:] - INFO  [main:WatchManagerFactory@42] - Using org.apache.zookeeper.server.watch.WatchManager as watch manager
2022-02-09 15:00:20,823 [myid:] - INFO  [main:WatchManagerFactory@42] - Using org.apache.zookeeper.server.watch.WatchManager as watch manager
2022-02-09 15:00:20,823 [myid:] - INFO  [main:ZKDatabase@132] - zookeeper.snapshotSizeFactor = 0.33
2022-02-09 15:00:20,823 [myid:] - INFO  [main:ZKDatabase@152] - zookeeper.commitLogCount=500
2022-02-09 15:00:20,825 [myid:] - INFO  [main:SnapStream@61] - zookeeper.snapshot.compression.method = CHECKED
2022-02-09 15:00:20,827 [myid:] - INFO  [main:FileSnap@85] - Reading snapshot /Users/ayusman/migrate/kafka/apache-zookeeper/data/version-2/snapshot.8d
2022-02-09 15:00:20,828 [myid:] - INFO  [main:DataTree@1730] - The digest in the snapshot has digest version of 2, , with zxid as 0x8d, and digest value as 40742891098
2022-02-09 15:00:20,833 [myid:] - INFO  [main:FileTxnSnapLog@363] - 16 txns loaded in 2 ms
2022-02-09 15:00:20,833 [myid:] - INFO  [main:ZKDatabase@289] - Snapshot loaded in 10 ms, highest zxid is 0x9d, digest is 40742891098
2022-02-09 15:00:20,833 [myid:] - INFO  [main:FileTxnSnapLog@470] - Snapshotting: 0x9d to /Users/ayusman/migrate/kafka/apache-zookeeper/data/version-2/snapshot.9d
2022-02-09 15:00:20,834 [myid:] - INFO  [main:ZooKeeperServer@529] - Snapshot taken in 1 ms
2022-02-09 15:00:20,838 [myid:] - INFO  [ProcessThread(sid:0 cport:2181)::PrepRequestProcessor@136] - PrepRequestProcessor (sid:0) started, reconfigEnabled=false
2022-02-09 15:00:20,838 [myid:] - INFO  [main:RequestThrottler@74] - zookeeper.request_throttler.shutdownTimeout = 10000
2022-02-09 15:00:20,844 [myid:] - INFO  [main:ContainerManager@83] - Using checkIntervalMs=60000 maxPerMinute=10000 maxNeverUsedIntervalMs=0
2022-02-09 15:00:20,844 [myid:] - INFO  [main:ZKAuditProvider@42] - ZooKeeper audit is disabled.
