2022-02-06 18:07:50,990 [myid:] - INFO  [main:QuorumPeerConfig@174] - Reading configuration from: /Users/ayusman/migrate/kafka/apache-zookeeper-3.6.3-bin/bin/../conf/zoo.cfg
2022-02-06 18:07:50,995 [myid:] - INFO  [main:QuorumPeerConfig@460] - clientPortAddress is 0.0.0.0:2181
2022-02-06 18:07:50,995 [myid:] - INFO  [main:QuorumPeerConfig@464] - secureClientPort is not set
2022-02-06 18:07:50,996 [myid:] - INFO  [main:QuorumPeerConfig@480] - observerMasterPort is not set
2022-02-06 18:07:50,996 [myid:] - INFO  [main:QuorumPeerConfig@497] - metricsProvider.className is org.apache.zookeeper.metrics.impl.DefaultMetricsProvider
2022-02-06 18:07:50,996 [myid:] - INFO  [main:DatadirCleanupManager@78] - autopurge.snapRetainCount set to 3
2022-02-06 18:07:50,996 [myid:] - INFO  [main:DatadirCleanupManager@79] - autopurge.purgeInterval set to 0
2022-02-06 18:07:50,996 [myid:] - INFO  [main:DatadirCleanupManager@101] - Purge task is not scheduled.
2022-02-06 18:07:50,997 [myid:] - WARN  [main:QuorumPeerMain@138] - Either no config or no quorum defined in config, running in standalone mode
2022-02-06 18:07:50,998 [myid:] - INFO  [main:ManagedUtil@44] - Log4j 1.2 jmx support found and enabled.
2022-02-06 18:07:51,002 [myid:] - INFO  [main:QuorumPeerConfig@174] - Reading configuration from: /Users/ayusman/migrate/kafka/apache-zookeeper-3.6.3-bin/bin/../conf/zoo.cfg
2022-02-06 18:07:51,002 [myid:] - INFO  [main:QuorumPeerConfig@460] - clientPortAddress is 0.0.0.0:2181
2022-02-06 18:07:51,002 [myid:] - INFO  [main:QuorumPeerConfig@464] - secureClientPort is not set
2022-02-06 18:07:51,002 [myid:] - INFO  [main:QuorumPeerConfig@480] - observerMasterPort is not set
2022-02-06 18:07:51,002 [myid:] - INFO  [main:QuorumPeerConfig@497] - metricsProvider.className is org.apache.zookeeper.metrics.impl.DefaultMetricsProvider
2022-02-06 18:07:51,002 [myid:] - INFO  [main:ZooKeeperServerMain@122] - Starting server
2022-02-06 18:07:51,008 [myid:] - INFO  [main:ServerMetrics@62] - ServerMetrics initialized with provider org.apache.zookeeper.metrics.impl.DefaultMetricsProvider@7c75222b
2022-02-06 18:07:51,009 [myid:] - INFO  [main:FileTxnSnapLog@124] - zookeeper.snapshot.trust.empty : false
2022-02-06 18:07:51,009 [myid:] - ERROR [main:ZooKeeperServerMain@80] - Unable to access datadir, exiting abnormally
org.apache.zookeeper.server.persistence.FileTxnSnapLog$DatadirException: Unable to create data directory /temp/zookeeper/data/version-2
	at org.apache.zookeeper.server.persistence.FileTxnSnapLog.<init>(FileTxnSnapLog.java:136)
	at org.apache.zookeeper.server.ZooKeeperServerMain.runFromConfig(ZooKeeperServerMain.java:137)
	at org.apache.zookeeper.server.ZooKeeperServerMain.initializeAndRun(ZooKeeperServerMain.java:112)
	at org.apache.zookeeper.server.ZooKeeperServerMain.main(ZooKeeperServerMain.java:67)
	at org.apache.zookeeper.server.quorum.QuorumPeerMain.initializeAndRun(QuorumPeerMain.java:140)
	at org.apache.zookeeper.server.quorum.QuorumPeerMain.main(QuorumPeerMain.java:90)
Unable to access datadir, exiting abnormally
2022-02-06 18:07:51,010 [myid:] - INFO  [main:ZKAuditProvider@42] - ZooKeeper audit is disabled.
2022-02-06 18:07:51,011 [myid:] - ERROR [main:ServiceUtils@42] - Exiting JVM with code 3
