[2022-04-11 17:39:28,028] INFO Starting the log cleaner (kafka.log.LogCleaner)
[2022-04-11 17:39:28,057] INFO [kafka-log-cleaner-thread-0]: Starting (kafka.log.LogCleaner)
[2022-04-11 17:43:28,231] INFO Cleaner 0: Beginning cleaning of log __consumer_offsets-8 (kafka.log.LogCleaner)
[2022-04-11 17:43:28,231] INFO Cleaner 0: Building offset map for __consumer_offsets-8... (kafka.log.LogCleaner)
[2022-04-11 17:43:28,263] INFO Cleaner 0: Building offset map for log __consumer_offsets-8 for 2 segments in offset range [1, 14). (kafka.log.LogCleaner)
[2022-04-11 17:43:28,276] INFO Cleaner 0: Offset map for log __consumer_offsets-8 complete. (kafka.log.LogCleaner)
[2022-04-11 17:43:28,276] INFO Cleaner 0: Cleaning log __consumer_offsets-8 (cleaning prior to Fri Mar 04 16:23:39 NPT 2022, discarding tombstones prior to upper bound deletion horizon Wed Feb 09 16:30:04 NPT 2022)... (kafka.log.LogCleaner)
[2022-04-11 17:43:28,278] INFO Cleaner 0: Cleaning LogSegment(baseOffset=0, size=184, lastModifiedTime=1644489904425, largestRecordTimestamp=Some(1644489904414)) in log __consumer_offsets-8 into 0 with an upper bound deletion horizon 1644403504425 computed from the segment last modified time of 1644489904425,retaining deletes. (kafka.log.LogCleaner)
[2022-04-11 17:43:28,280] INFO Cleaner 0: Cleaning LogSegment(baseOffset=1, size=96, lastModifiedTime=1645096469971, largestRecordTimestamp=Some(1645096469961)) in log __consumer_offsets-8 into 0 with an upper bound deletion horizon 1644403504425 computed from the segment last modified time of 1645096469971,retaining deletes. (kafka.log.LogCleaner)
[2022-04-11 17:43:28,281] INFO Cleaner 0: Cleaning LogSegment(baseOffset=2, size=3766, lastModifiedTime=1646390319405, largestRecordTimestamp=Some(1646390319404)) in log __consumer_offsets-8 into 0 with an upper bound deletion horizon 1644403504425 computed from the segment last modified time of 1646390319405,retaining deletes. (kafka.log.LogCleaner)
[2022-04-11 17:43:28,283] INFO Cleaner 0: Swapping in cleaned segment LogSegment(baseOffset=0, size=711, lastModifiedTime=1646390319405, largestRecordTimestamp=Some(1646390319404)) for segment(s) List(LogSegment(baseOffset=0, size=184, lastModifiedTime=1644489904425, largestRecordTimestamp=Some(1644489904414)), LogSegment(baseOffset=1, size=96, lastModifiedTime=1645096469971, largestRecordTimestamp=Some(1645096469961)), LogSegment(baseOffset=2, size=3766, lastModifiedTime=1646390319405, largestRecordTimestamp=Some(1646390319404))) in log Log(dir=/Users/ayusman/migrate/kafka/kafka-2.13/data/kafka/__consumer_offsets-8, topicId=JSDgiRt9R02ktnz9NxFoxA, topic=__consumer_offsets, partition=8, highWatermark=15, lastStableOffset=15, logStartOffset=0, logEndOffset=15) (kafka.log.LogCleaner)
[2022-04-11 17:43:28,287] INFO [kafka-log-cleaner-thread-0]: 
	Log cleaner thread 0 cleaned log __consumer_offsets-8 (dirty section = [1, 14])
	0.0 MB of log processed in 0.1 seconds (0.1 MB/sec).
	Indexed 0.0 MB in 0.0 seconds (0.1 Mb/sec, 81.8% of total time)
	Buffer utilization: 0.0%
	Cleaned 0.0 MB in 0.0 seconds (0.4 Mb/sec, 18.2% of total time)
	Start size: 0.0 MB (14 messages)
	End size: 0.0 MB (5 messages)
	82.4% size reduction (64.3% fewer messages)
 (kafka.log.LogCleaner)
[2022-04-11 17:44:43,326] INFO Cleaner 0: Beginning cleaning of log __consumer_offsets-35 (kafka.log.LogCleaner)
[2022-04-11 17:44:43,327] INFO Cleaner 0: Building offset map for __consumer_offsets-35... (kafka.log.LogCleaner)
[2022-04-11 17:44:43,368] INFO Cleaner 0: Building offset map for log __consumer_offsets-35 for 1 segments in offset range [9, 21). (kafka.log.LogCleaner)
[2022-04-11 17:44:43,369] INFO Cleaner 0: Offset map for log __consumer_offsets-35 complete. (kafka.log.LogCleaner)
[2022-04-11 17:44:43,369] INFO Cleaner 0: Cleaning log __consumer_offsets-35 (cleaning prior to Sat Mar 05 16:10:41 NPT 2022, discarding tombstones prior to upper bound deletion horizon Tue Mar 01 22:11:27 NPT 2022)... (kafka.log.LogCleaner)
[2022-04-11 17:44:43,370] INFO Cleaner 0: Cleaning LogSegment(baseOffset=0, size=404, lastModifiedTime=1646238387099, largestRecordTimestamp=Some(1646238387098)) in log __consumer_offsets-35 into 0 with an upper bound deletion horizon 1646151987099 computed from the segment last modified time of 1646238387099,retaining deletes. (kafka.log.LogCleaner)
[2022-04-11 17:44:43,370] INFO Cleaner 0: Cleaning LogSegment(baseOffset=9, size=3772, lastModifiedTime=1646475941862, largestRecordTimestamp=Some(1646475941861)) in log __consumer_offsets-35 into 0 with an upper bound deletion horizon 1646151987099 computed from the segment last modified time of 1646475941862,retaining deletes. (kafka.log.LogCleaner)
[2022-04-11 17:44:43,372] INFO Cleaner 0: Swapping in cleaned segment LogSegment(baseOffset=0, size=612, lastModifiedTime=1646475941862, largestRecordTimestamp=Some(1646475941861)) for segment(s) List(LogSegment(baseOffset=0, size=404, lastModifiedTime=1646238387099, largestRecordTimestamp=Some(1646238387098)), LogSegment(baseOffset=9, size=3772, lastModifiedTime=1646475941862, largestRecordTimestamp=Some(1646475941861))) in log Log(dir=/Users/ayusman/migrate/kafka/kafka-2.13/data/kafka/__consumer_offsets-35, topicId=JSDgiRt9R02ktnz9NxFoxA, topic=__consumer_offsets, partition=35, highWatermark=22, lastStableOffset=22, logStartOffset=0, logEndOffset=22) (kafka.log.LogCleaner)
[2022-04-11 17:44:43,375] INFO [kafka-log-cleaner-thread-0]: 
	Log cleaner thread 0 cleaned log __consumer_offsets-35 (dirty section = [9, 21])
	0.0 MB of log processed in 0.0 seconds (0.1 MB/sec).
	Indexed 0.0 MB in 0.0 seconds (0.1 Mb/sec, 89.4% of total time)
	Buffer utilization: 0.0%
	Cleaned 0.0 MB in 0.0 seconds (0.8 Mb/sec, 10.6% of total time)
	Start size: 0.0 MB (15 messages)
	End size: 0.0 MB (4 messages)
	85.3% size reduction (73.3% fewer messages)
 (kafka.log.LogCleaner)
[2022-04-11 17:45:16,145] INFO Shutting down the log cleaner. (kafka.log.LogCleaner)
[2022-04-11 17:45:16,146] INFO [kafka-log-cleaner-thread-0]: Shutting down (kafka.log.LogCleaner)
[2022-04-11 17:45:16,146] INFO [kafka-log-cleaner-thread-0]: Stopped (kafka.log.LogCleaner)
[2022-04-11 17:45:16,146] INFO [kafka-log-cleaner-thread-0]: Shutdown completed (kafka.log.LogCleaner)
[2022-04-11 17:45:34,373] INFO Starting the log cleaner (kafka.log.LogCleaner)
[2022-04-11 17:45:34,387] INFO [kafka-log-cleaner-thread-0]: Starting (kafka.log.LogCleaner)
[2022-04-11 17:46:49,456] INFO Cleaner 0: Beginning cleaning of log __consumer_offsets-36 (kafka.log.LogCleaner)
[2022-04-11 17:46:49,457] INFO Cleaner 0: Building offset map for __consumer_offsets-36... (kafka.log.LogCleaner)
[2022-04-11 17:46:49,520] INFO Cleaner 0: Building offset map for log __consumer_offsets-36 for 1 segments in offset range [0, 24). (kafka.log.LogCleaner)
[2022-04-11 17:46:49,530] INFO Cleaner 0: Offset map for log __consumer_offsets-36 complete. (kafka.log.LogCleaner)
[2022-04-11 17:46:49,531] INFO Cleaner 0: Cleaning log __consumer_offsets-36 (cleaning prior to Sat Mar 05 23:41:42 NPT 2022, discarding tombstones prior to upper bound deletion horizon Thu Jan 01 05:30:00 NPT 1970)... (kafka.log.LogCleaner)
[2022-04-11 17:46:49,533] INFO Cleaner 0: Cleaning LogSegment(baseOffset=0, size=7524, lastModifiedTime=1646503002444, largestRecordTimestamp=Some(1646503002444)) in log __consumer_offsets-36 into 0 with an upper bound deletion horizon 0 computed from the segment last modified time of 1646503002444,retaining deletes. (kafka.log.LogCleaner)
[2022-04-11 17:46:49,538] INFO Cleaner 0: Swapping in cleaned segment LogSegment(baseOffset=0, size=1221, lastModifiedTime=1646503002444, largestRecordTimestamp=Some(1646503002444)) for segment(s) List(LogSegment(baseOffset=0, size=7524, lastModifiedTime=1646503002444, largestRecordTimestamp=Some(1646503002444))) in log Log(dir=/Users/ayusman/migrate/kafka/kafka-2.13/data/kafka/__consumer_offsets-36, topicId=JSDgiRt9R02ktnz9NxFoxA, topic=__consumer_offsets, partition=36, highWatermark=25, lastStableOffset=25, logStartOffset=0, logEndOffset=25) (kafka.log.LogCleaner)
[2022-04-11 17:46:49,543] INFO [kafka-log-cleaner-thread-0]: 
	Log cleaner thread 0 cleaned log __consumer_offsets-36 (dirty section = [0, 24])
	0.0 MB of log processed in 0.1 seconds (0.1 MB/sec).
	Indexed 0.0 MB in 0.1 seconds (0.1 Mb/sec, 86.0% of total time)
	Buffer utilization: 0.0%
	Cleaned 0.0 MB in 0.0 seconds (0.6 Mb/sec, 14.0% of total time)
	Start size: 0.0 MB (24 messages)
	End size: 0.0 MB (8 messages)
	83.8% size reduction (66.7% fewer messages)
 (kafka.log.LogCleaner)
[2022-04-11 17:47:34,568] INFO Cleaner 0: Beginning cleaning of log __consumer_offsets-0 (kafka.log.LogCleaner)
[2022-04-11 17:47:34,569] INFO Cleaner 0: Building offset map for __consumer_offsets-0... (kafka.log.LogCleaner)
[2022-04-11 17:47:34,586] INFO Cleaner 0: Building offset map for log __consumer_offsets-0 for 1 segments in offset range [0, 18). (kafka.log.LogCleaner)
[2022-04-11 17:47:34,588] INFO Cleaner 0: Offset map for log __consumer_offsets-0 complete. (kafka.log.LogCleaner)
[2022-04-11 17:47:34,588] INFO Cleaner 0: Cleaning log __consumer_offsets-0 (cleaning prior to Sat Mar 05 23:41:42 NPT 2022, discarding tombstones prior to upper bound deletion horizon Thu Jan 01 05:30:00 NPT 1970)... (kafka.log.LogCleaner)
[2022-04-11 17:47:34,589] INFO Cleaner 0: Cleaning LogSegment(baseOffset=0, size=5664, lastModifiedTime=1646503002443, largestRecordTimestamp=Some(1646503002443)) in log __consumer_offsets-0 into 0 with an upper bound deletion horizon 0 computed from the segment last modified time of 1646503002443,retaining deletes. (kafka.log.LogCleaner)
[2022-04-11 17:47:34,591] INFO Cleaner 0: Swapping in cleaned segment LogSegment(baseOffset=0, size=919, lastModifiedTime=1646503002443, largestRecordTimestamp=Some(1646503002443)) for segment(s) List(LogSegment(baseOffset=0, size=5664, lastModifiedTime=1646503002443, largestRecordTimestamp=Some(1646503002443))) in log Log(dir=/Users/ayusman/migrate/kafka/kafka-2.13/data/kafka/__consumer_offsets-0, topicId=JSDgiRt9R02ktnz9NxFoxA, topic=__consumer_offsets, partition=0, highWatermark=19, lastStableOffset=19, logStartOffset=0, logEndOffset=19) (kafka.log.LogCleaner)
[2022-04-11 17:47:34,593] INFO [kafka-log-cleaner-thread-0]: 
	Log cleaner thread 0 cleaned log __consumer_offsets-0 (dirty section = [0, 18])
	0.0 MB of log processed in 0.0 seconds (0.2 MB/sec).
	Indexed 0.0 MB in 0.0 seconds (0.3 Mb/sec, 79.2% of total time)
	Buffer utilization: 0.0%
	Cleaned 0.0 MB in 0.0 seconds (1.1 Mb/sec, 20.8% of total time)
	Start size: 0.0 MB (18 messages)
	End size: 0.0 MB (6 messages)
	83.8% size reduction (66.7% fewer messages)
 (kafka.log.LogCleaner)
[2022-04-11 17:49:34,658] INFO Cleaner 0: Beginning cleaning of log __consumer_offsets-25 (kafka.log.LogCleaner)
[2022-04-11 17:49:34,659] INFO Cleaner 0: Building offset map for __consumer_offsets-25... (kafka.log.LogCleaner)
[2022-04-11 17:49:34,714] INFO Cleaner 0: Building offset map for log __consumer_offsets-25 for 1 segments in offset range [0, 12). (kafka.log.LogCleaner)
[2022-04-11 17:49:34,715] INFO Cleaner 0: Offset map for log __consumer_offsets-25 complete. (kafka.log.LogCleaner)
[2022-04-11 17:49:34,715] INFO Cleaner 0: Cleaning log __consumer_offsets-25 (cleaning prior to Sat Mar 05 12:48:09 NPT 2022, discarding tombstones prior to upper bound deletion horizon Thu Jan 01 05:30:00 NPT 1970)... (kafka.log.LogCleaner)
[2022-04-11 17:49:34,716] INFO Cleaner 0: Cleaning LogSegment(baseOffset=0, size=3764, lastModifiedTime=1646463789755, largestRecordTimestamp=Some(1646463789755)) in log __consumer_offsets-25 into 0 with an upper bound deletion horizon 0 computed from the segment last modified time of 1646463789755,retaining deletes. (kafka.log.LogCleaner)
[2022-04-11 17:49:34,718] INFO Cleaner 0: Swapping in cleaned segment LogSegment(baseOffset=0, size=611, lastModifiedTime=1646463789755, largestRecordTimestamp=Some(1646463789755)) for segment(s) List(LogSegment(baseOffset=0, size=3764, lastModifiedTime=1646463789755, largestRecordTimestamp=Some(1646463789755))) in log Log(dir=/Users/ayusman/migrate/kafka/kafka-2.13/data/kafka/__consumer_offsets-25, topicId=JSDgiRt9R02ktnz9NxFoxA, topic=__consumer_offsets, partition=25, highWatermark=13, lastStableOffset=13, logStartOffset=0, logEndOffset=13) (kafka.log.LogCleaner)
[2022-04-11 17:49:34,720] INFO [kafka-log-cleaner-thread-0]: 
	Log cleaner thread 0 cleaned log __consumer_offsets-25 (dirty section = [0, 12])
	0.0 MB of log processed in 0.1 seconds (0.1 MB/sec).
	Indexed 0.0 MB in 0.1 seconds (0.1 Mb/sec, 93.3% of total time)
	Buffer utilization: 0.0%
	Cleaned 0.0 MB in 0.0 seconds (0.9 Mb/sec, 6.7% of total time)
	Start size: 0.0 MB (12 messages)
	End size: 0.0 MB (4 messages)
	83.8% size reduction (66.7% fewer messages)
 (kafka.log.LogCleaner)
[2022-04-11 17:52:49,831] INFO Cleaner 0: Beginning cleaning of log __consumer_offsets-14 (kafka.log.LogCleaner)
[2022-04-11 17:52:49,831] INFO Cleaner 0: Building offset map for __consumer_offsets-14... (kafka.log.LogCleaner)
[2022-04-11 17:52:49,889] INFO Cleaner 0: Building offset map for log __consumer_offsets-14 for 1 segments in offset range [0, 12). (kafka.log.LogCleaner)
[2022-04-11 17:52:49,890] INFO Cleaner 0: Offset map for log __consumer_offsets-14 complete. (kafka.log.LogCleaner)
[2022-04-11 17:52:49,891] INFO Cleaner 0: Cleaning log __consumer_offsets-14 (cleaning prior to Sat Mar 05 21:38:36 NPT 2022, discarding tombstones prior to upper bound deletion horizon Thu Jan 01 05:30:00 NPT 1970)... (kafka.log.LogCleaner)
[2022-04-11 17:52:49,892] INFO Cleaner 0: Cleaning LogSegment(baseOffset=0, size=3796, lastModifiedTime=1646495616838, largestRecordTimestamp=Some(1646495616837)) in log __consumer_offsets-14 into 0 with an upper bound deletion horizon 0 computed from the segment last modified time of 1646495616838,retaining deletes. (kafka.log.LogCleaner)
[2022-04-11 17:52:49,894] INFO Cleaner 0: Swapping in cleaned segment LogSegment(baseOffset=0, size=616, lastModifiedTime=1646495616838, largestRecordTimestamp=Some(1646495616837)) for segment(s) List(LogSegment(baseOffset=0, size=3796, lastModifiedTime=1646495616838, largestRecordTimestamp=Some(1646495616837))) in log Log(dir=/Users/ayusman/migrate/kafka/kafka-2.13/data/kafka/__consumer_offsets-14, topicId=JSDgiRt9R02ktnz9NxFoxA, topic=__consumer_offsets, partition=14, highWatermark=13, lastStableOffset=13, logStartOffset=0, logEndOffset=13) (kafka.log.LogCleaner)
[2022-04-11 17:52:49,897] INFO [kafka-log-cleaner-thread-0]: 
	Log cleaner thread 0 cleaned log __consumer_offsets-14 (dirty section = [0, 12])
	0.0 MB of log processed in 0.1 seconds (0.1 MB/sec).
	Indexed 0.0 MB in 0.1 seconds (0.1 Mb/sec, 92.3% of total time)
	Buffer utilization: 0.0%
	Cleaned 0.0 MB in 0.0 seconds (0.7 Mb/sec, 7.7% of total time)
	Start size: 0.0 MB (12 messages)
	End size: 0.0 MB (4 messages)
	83.8% size reduction (66.7% fewer messages)
 (kafka.log.LogCleaner)
[2022-04-11 17:53:19,916] INFO Cleaner 0: Beginning cleaning of log __consumer_offsets-33 (kafka.log.LogCleaner)
[2022-04-11 17:53:19,917] INFO Cleaner 0: Building offset map for __consumer_offsets-33... (kafka.log.LogCleaner)
[2022-04-11 17:53:19,920] INFO Cleaner 0: Building offset map for log __consumer_offsets-33 for 1 segments in offset range [0, 3). (kafka.log.LogCleaner)
[2022-04-11 17:53:19,921] INFO Cleaner 0: Offset map for log __consumer_offsets-33 complete. (kafka.log.LogCleaner)
[2022-04-11 17:53:19,922] INFO Cleaner 0: Cleaning log __consumer_offsets-33 (cleaning prior to Thu Mar 03 13:07:59 NPT 2022, discarding tombstones prior to upper bound deletion horizon Thu Jan 01 05:30:00 NPT 1970)... (kafka.log.LogCleaner)
[2022-04-11 17:53:19,923] INFO Cleaner 0: Cleaning LogSegment(baseOffset=0, size=943, lastModifiedTime=1646292179827, largestRecordTimestamp=Some(1646292179826)) in log __consumer_offsets-33 into 0 with an upper bound deletion horizon 0 computed from the segment last modified time of 1646292179827,retaining deletes. (kafka.log.LogCleaner)
[2022-04-11 17:53:19,925] INFO Cleaner 0: Swapping in cleaned segment LogSegment(baseOffset=0, size=153, lastModifiedTime=1646292179827, largestRecordTimestamp=Some(1646292179826)) for segment(s) List(LogSegment(baseOffset=0, size=943, lastModifiedTime=1646292179827, largestRecordTimestamp=Some(1646292179826))) in log Log(dir=/Users/ayusman/migrate/kafka/kafka-2.13/data/kafka/__consumer_offsets-33, topicId=JSDgiRt9R02ktnz9NxFoxA, topic=__consumer_offsets, partition=33, highWatermark=4, lastStableOffset=4, logStartOffset=0, logEndOffset=4) (kafka.log.LogCleaner)
[2022-04-11 17:53:19,928] INFO [kafka-log-cleaner-thread-0]: 
	Log cleaner thread 0 cleaned log __consumer_offsets-33 (dirty section = [0, 3])
	0.0 MB of log processed in 0.0 seconds (0.1 MB/sec).
	Indexed 0.0 MB in 0.0 seconds (0.2 Mb/sec, 40.0% of total time)
	Buffer utilization: 0.0%
	Cleaned 0.0 MB in 0.0 seconds (0.1 Mb/sec, 60.0% of total time)
	Start size: 0.0 MB (3 messages)
	End size: 0.0 MB (1 messages)
	83.8% size reduction (66.7% fewer messages)
 (kafka.log.LogCleaner)
[2022-04-11 17:53:49,966] INFO Cleaner 0: Beginning cleaning of log __consumer_offsets-3 (kafka.log.LogCleaner)
[2022-04-11 17:53:49,966] INFO Cleaner 0: Building offset map for __consumer_offsets-3... (kafka.log.LogCleaner)
[2022-04-11 17:53:49,979] INFO Cleaner 0: Building offset map for log __consumer_offsets-3 for 1 segments in offset range [0, 9). (kafka.log.LogCleaner)
[2022-04-11 17:53:49,980] INFO Cleaner 0: Offset map for log __consumer_offsets-3 complete. (kafka.log.LogCleaner)
[2022-04-11 17:53:49,980] INFO Cleaner 0: Cleaning log __consumer_offsets-3 (cleaning prior to Sat Mar 05 15:18:09 NPT 2022, discarding tombstones prior to upper bound deletion horizon Thu Jan 01 05:30:00 NPT 1970)... (kafka.log.LogCleaner)
[2022-04-11 17:53:49,981] INFO Cleaner 0: Cleaning LogSegment(baseOffset=0, size=2835, lastModifiedTime=1646472789347, largestRecordTimestamp=Some(1646472789346)) in log __consumer_offsets-3 into 0 with an upper bound deletion horizon 0 computed from the segment last modified time of 1646472789347,retaining deletes. (kafka.log.LogCleaner)
[2022-04-11 17:53:49,982] INFO Cleaner 0: Swapping in cleaned segment LogSegment(baseOffset=0, size=460, lastModifiedTime=1646472789347, largestRecordTimestamp=Some(1646472789346)) for segment(s) List(LogSegment(baseOffset=0, size=2835, lastModifiedTime=1646472789347, largestRecordTimestamp=Some(1646472789346))) in log Log(dir=/Users/ayusman/migrate/kafka/kafka-2.13/data/kafka/__consumer_offsets-3, topicId=JSDgiRt9R02ktnz9NxFoxA, topic=__consumer_offsets, partition=3, highWatermark=10, lastStableOffset=10, logStartOffset=0, logEndOffset=10) (kafka.log.LogCleaner)
[2022-04-11 17:53:49,984] INFO [kafka-log-cleaner-thread-0]: 
	Log cleaner thread 0 cleaned log __consumer_offsets-3 (dirty section = [0, 9])
	0.0 MB of log processed in 0.0 seconds (0.2 MB/sec).
	Indexed 0.0 MB in 0.0 seconds (0.2 Mb/sec, 82.4% of total time)
	Buffer utilization: 0.0%
	Cleaned 0.0 MB in 0.0 seconds (0.9 Mb/sec, 17.6% of total time)
	Start size: 0.0 MB (9 messages)
	End size: 0.0 MB (3 messages)
	83.8% size reduction (66.7% fewer messages)
 (kafka.log.LogCleaner)
[2022-04-11 17:54:04,993] INFO Cleaner 0: Beginning cleaning of log __consumer_offsets-45 (kafka.log.LogCleaner)
[2022-04-11 17:54:04,993] INFO Cleaner 0: Building offset map for __consumer_offsets-45... (kafka.log.LogCleaner)
[2022-04-11 17:54:04,996] INFO Cleaner 0: Building offset map for log __consumer_offsets-45 for 1 segments in offset range [0, 21). (kafka.log.LogCleaner)
[2022-04-11 17:54:04,997] INFO Cleaner 0: Offset map for log __consumer_offsets-45 complete. (kafka.log.LogCleaner)
[2022-04-11 17:54:04,997] INFO Cleaner 0: Cleaning log __consumer_offsets-45 (cleaning prior to Sat Mar 05 21:48:36 NPT 2022, discarding tombstones prior to upper bound deletion horizon Thu Jan 01 05:30:00 NPT 1970)... (kafka.log.LogCleaner)
[2022-04-11 17:54:04,999] INFO Cleaner 0: Cleaning LogSegment(baseOffset=0, size=6595, lastModifiedTime=1646496216835, largestRecordTimestamp=Some(1646496216835)) in log __consumer_offsets-45 into 0 with an upper bound deletion horizon 0 computed from the segment last modified time of 1646496216835,retaining deletes. (kafka.log.LogCleaner)
[2022-04-11 17:54:05,002] INFO Cleaner 0: Swapping in cleaned segment LogSegment(baseOffset=0, size=1070, lastModifiedTime=1646496216835, largestRecordTimestamp=Some(1646496216835)) for segment(s) List(LogSegment(baseOffset=0, size=6595, lastModifiedTime=1646496216835, largestRecordTimestamp=Some(1646496216835))) in log Log(dir=/Users/ayusman/migrate/kafka/kafka-2.13/data/kafka/__consumer_offsets-45, topicId=JSDgiRt9R02ktnz9NxFoxA, topic=__consumer_offsets, partition=45, highWatermark=22, lastStableOffset=22, logStartOffset=0, logEndOffset=22) (kafka.log.LogCleaner)
[2022-04-11 17:54:05,005] INFO [kafka-log-cleaner-thread-0]: 
	Log cleaner thread 0 cleaned log __consumer_offsets-45 (dirty section = [0, 21])
	0.0 MB of log processed in 0.0 seconds (0.6 MB/sec).
	Indexed 0.0 MB in 0.0 seconds (1.6 Mb/sec, 40.0% of total time)
	Buffer utilization: 0.0%
	Cleaned 0.0 MB in 0.0 seconds (1.0 Mb/sec, 60.0% of total time)
	Start size: 0.0 MB (21 messages)
	End size: 0.0 MB (7 messages)
	83.8% size reduction (66.7% fewer messages)
 (kafka.log.LogCleaner)
[2022-04-11 17:54:20,011] INFO Cleaner 0: Beginning cleaning of log __consumer_offsets-10 (kafka.log.LogCleaner)
[2022-04-11 17:54:20,011] INFO Cleaner 0: Building offset map for __consumer_offsets-10... (kafka.log.LogCleaner)
[2022-04-11 17:54:20,014] INFO Cleaner 0: Building offset map for log __consumer_offsets-10 for 1 segments in offset range [0, 9). (kafka.log.LogCleaner)
[2022-04-11 17:54:20,014] INFO Cleaner 0: Offset map for log __consumer_offsets-10 complete. (kafka.log.LogCleaner)
[2022-04-11 17:54:20,014] INFO Cleaner 0: Cleaning log __consumer_offsets-10 (cleaning prior to Fri Mar 04 16:00:25 NPT 2022, discarding tombstones prior to upper bound deletion horizon Thu Jan 01 05:30:00 NPT 1970)... (kafka.log.LogCleaner)
[2022-04-11 17:54:20,015] INFO Cleaner 0: Cleaning LogSegment(baseOffset=0, size=2817, lastModifiedTime=1646388925767, largestRecordTimestamp=Some(1646388925767)) in log __consumer_offsets-10 into 0 with an upper bound deletion horizon 0 computed from the segment last modified time of 1646388925767,retaining deletes. (kafka.log.LogCleaner)
[2022-04-11 17:54:20,017] INFO Cleaner 0: Swapping in cleaned segment LogSegment(baseOffset=0, size=457, lastModifiedTime=1646388925767, largestRecordTimestamp=Some(1646388925767)) for segment(s) List(LogSegment(baseOffset=0, size=2817, lastModifiedTime=1646388925767, largestRecordTimestamp=Some(1646388925767))) in log Log(dir=/Users/ayusman/migrate/kafka/kafka-2.13/data/kafka/__consumer_offsets-10, topicId=JSDgiRt9R02ktnz9NxFoxA, topic=__consumer_offsets, partition=10, highWatermark=10, lastStableOffset=10, logStartOffset=0, logEndOffset=10) (kafka.log.LogCleaner)
[2022-04-11 17:54:20,019] INFO [kafka-log-cleaner-thread-0]: 
	Log cleaner thread 0 cleaned log __consumer_offsets-10 (dirty section = [0, 9])
	0.0 MB of log processed in 0.0 seconds (0.3 MB/sec).
	Indexed 0.0 MB in 0.0 seconds (0.9 Mb/sec, 37.5% of total time)
	Buffer utilization: 0.0%
	Cleaned 0.0 MB in 0.0 seconds (0.5 Mb/sec, 62.5% of total time)
	Start size: 0.0 MB (9 messages)
	End size: 0.0 MB (3 messages)
	83.8% size reduction (66.7% fewer messages)
 (kafka.log.LogCleaner)
[2022-04-11 17:56:05,078] INFO Cleaner 0: Beginning cleaning of log __consumer_offsets-23 (kafka.log.LogCleaner)
[2022-04-11 17:56:05,078] INFO Cleaner 0: Building offset map for __consumer_offsets-23... (kafka.log.LogCleaner)
[2022-04-11 17:56:05,147] INFO Cleaner 0: Building offset map for log __consumer_offsets-23 for 1 segments in offset range [12, 18). (kafka.log.LogCleaner)
[2022-04-11 17:56:05,147] INFO Cleaner 0: Offset map for log __consumer_offsets-23 complete. (kafka.log.LogCleaner)
[2022-04-11 17:56:05,148] INFO Cleaner 0: Cleaning log __consumer_offsets-23 (cleaning prior to Sat Mar 05 14:18:09 NPT 2022, discarding tombstones prior to upper bound deletion horizon Tue Mar 01 22:21:27 NPT 2022)... (kafka.log.LogCleaner)
[2022-04-11 17:56:05,150] INFO Cleaner 0: Cleaning LogSegment(baseOffset=0, size=609, lastModifiedTime=1646238987110, largestRecordTimestamp=Some(1646238987110)) in log __consumer_offsets-23 into 0 with an upper bound deletion horizon 1646152587110 computed from the segment last modified time of 1646238987110,retaining deletes. (kafka.log.LogCleaner)
[2022-04-11 17:56:05,150] INFO Cleaner 0: Cleaning LogSegment(baseOffset=12, size=1886, lastModifiedTime=1646469189453, largestRecordTimestamp=Some(1646469189452)) in log __consumer_offsets-23 into 0 with an upper bound deletion horizon 1646152587110 computed from the segment last modified time of 1646469189453,retaining deletes. (kafka.log.LogCleaner)
[2022-04-11 17:56:05,152] INFO Cleaner 0: Swapping in cleaned segment LogSegment(baseOffset=0, size=306, lastModifiedTime=1646469189453, largestRecordTimestamp=Some(1646469189452)) for segment(s) List(LogSegment(baseOffset=0, size=609, lastModifiedTime=1646238987110, largestRecordTimestamp=Some(1646238987110)), LogSegment(baseOffset=12, size=1886, lastModifiedTime=1646469189453, largestRecordTimestamp=Some(1646469189452))) in log Log(dir=/Users/ayusman/migrate/kafka/kafka-2.13/data/kafka/__consumer_offsets-23, topicId=JSDgiRt9R02ktnz9NxFoxA, topic=__consumer_offsets, partition=23, highWatermark=19, lastStableOffset=19, logStartOffset=0, logEndOffset=19) (kafka.log.LogCleaner)
[2022-04-11 17:56:05,155] INFO [kafka-log-cleaner-thread-0]: 
	Log cleaner thread 0 cleaned log __consumer_offsets-23 (dirty section = [12, 18])
	0.0 MB of log processed in 0.1 seconds (0.0 MB/sec).
	Indexed 0.0 MB in 0.1 seconds (0.0 Mb/sec, 89.6% of total time)
	Buffer utilization: 0.0%
	Cleaned 0.0 MB in 0.0 seconds (0.3 Mb/sec, 10.4% of total time)
	Start size: 0.0 MB (10 messages)
	End size: 0.0 MB (2 messages)
	87.7% size reduction (80.0% fewer messages)
 (kafka.log.LogCleaner)
[2022-04-11 17:57:20,201] INFO Cleaner 0: Beginning cleaning of log __consumer_offsets-7 (kafka.log.LogCleaner)
[2022-04-11 17:57:20,201] INFO Cleaner 0: Building offset map for __consumer_offsets-7... (kafka.log.LogCleaner)
[2022-04-11 17:57:20,204] INFO Cleaner 0: Building offset map for log __consumer_offsets-7 for 1 segments in offset range [3, 12). (kafka.log.LogCleaner)
[2022-04-11 17:57:20,204] INFO Cleaner 0: Offset map for log __consumer_offsets-7 complete. (kafka.log.LogCleaner)
[2022-04-11 17:57:20,204] INFO Cleaner 0: Cleaning log __consumer_offsets-7 (cleaning prior to Sat Mar 05 13:38:09 NPT 2022, discarding tombstones prior to upper bound deletion horizon Sun Feb 13 23:14:21 NPT 2022)... (kafka.log.LogCleaner)
[2022-04-11 17:57:20,206] INFO Cleaner 0: Cleaning LogSegment(baseOffset=0, size=99, lastModifiedTime=1644859761195, largestRecordTimestamp=Some(1644859761177)) in log __consumer_offsets-7 into 0 with an upper bound deletion horizon 1644773361195 computed from the segment last modified time of 1644859761195,retaining deletes. (kafka.log.LogCleaner)
[2022-04-11 17:57:20,206] INFO Cleaner 0: Cleaning LogSegment(baseOffset=3, size=2829, lastModifiedTime=1646466789628, largestRecordTimestamp=Some(1646466789627)) in log __consumer_offsets-7 into 0 with an upper bound deletion horizon 1644773361195 computed from the segment last modified time of 1646466789628,retaining deletes. (kafka.log.LogCleaner)
[2022-04-11 17:57:20,208] INFO Cleaner 0: Swapping in cleaned segment LogSegment(baseOffset=0, size=459, lastModifiedTime=1646466789628, largestRecordTimestamp=Some(1646466789627)) for segment(s) List(LogSegment(baseOffset=0, size=99, lastModifiedTime=1644859761195, largestRecordTimestamp=Some(1644859761177)), LogSegment(baseOffset=3, size=2829, lastModifiedTime=1646466789628, largestRecordTimestamp=Some(1646466789627))) in log Log(dir=/Users/ayusman/migrate/kafka/kafka-2.13/data/kafka/__consumer_offsets-7, topicId=JSDgiRt9R02ktnz9NxFoxA, topic=__consumer_offsets, partition=7, highWatermark=13, lastStableOffset=13, logStartOffset=0, logEndOffset=13) (kafka.log.LogCleaner)
[2022-04-11 17:57:20,211] INFO [kafka-log-cleaner-thread-0]: 
	Log cleaner thread 0 cleaned log __consumer_offsets-7 (dirty section = [3, 12])
	0.0 MB of log processed in 0.0 seconds (0.3 MB/sec).
	Indexed 0.0 MB in 0.0 seconds (0.9 Mb/sec, 33.3% of total time)
	Buffer utilization: 0.0%
	Cleaned 0.0 MB in 0.0 seconds (0.5 Mb/sec, 66.7% of total time)
	Start size: 0.0 MB (10 messages)
	End size: 0.0 MB (3 messages)
	84.3% size reduction (70.0% fewer messages)
 (kafka.log.LogCleaner)
