[2022-03-06 17:08:02,032] INFO Terminating process due to signal SIGINT (org.apache.kafka.common.utils.LoggingSignalHandler)
[2022-03-06 17:08:02,038] INFO [KafkaServer id=0] shutting down (kafka.server.KafkaServer)
[2022-03-06 17:08:02,039] INFO [KafkaServer id=0] Starting controlled shutdown (kafka.server.KafkaServer)
[2022-03-06 17:08:02,066] INFO [KafkaServer id=0] Controlled shutdown request returned successfully after 15ms (kafka.server.KafkaServer)
[2022-03-06 17:08:02,072] INFO [/config/changes-event-process-thread]: Shutting down (kafka.common.ZkNodeChangeNotificationListener$ChangeEventProcessThread)
[2022-03-06 17:08:02,073] INFO [/config/changes-event-process-thread]: Shutdown completed (kafka.common.ZkNodeChangeNotificationListener$ChangeEventProcessThread)
[2022-03-06 17:08:02,073] INFO [/config/changes-event-process-thread]: Stopped (kafka.common.ZkNodeChangeNotificationListener$ChangeEventProcessThread)
[2022-03-06 17:08:02,073] INFO [SocketServer listenerType=ZK_BROKER, nodeId=0] Stopping socket server request processors (kafka.network.SocketServer)
[2022-03-06 17:08:02,089] INFO [SocketServer listenerType=ZK_BROKER, nodeId=0] Stopped socket server request processors (kafka.network.SocketServer)
[2022-03-06 17:08:02,089] INFO [data-plane Kafka Request Handler on Broker 0], shutting down (kafka.server.KafkaRequestHandlerPool)
[2022-03-06 17:08:02,090] INFO [data-plane Kafka Request Handler on Broker 0], shut down completely (kafka.server.KafkaRequestHandlerPool)
[2022-03-06 17:08:02,092] INFO [ExpirationReaper-0-AlterAcls]: Shutting down (kafka.server.DelayedOperationPurgatory$ExpiredOperationReaper)
[2022-03-06 17:08:02,175] INFO Terminating process due to signal SIGINT (org.apache.kafka.common.utils.LoggingSignalHandler)
[2022-03-06 17:08:02,221] INFO [ExpirationReaper-0-AlterAcls]: Stopped (kafka.server.DelayedOperationPurgatory$ExpiredOperationReaper)
[2022-03-06 17:08:02,221] INFO [ExpirationReaper-0-AlterAcls]: Shutdown completed (kafka.server.DelayedOperationPurgatory$ExpiredOperationReaper)
[2022-03-06 17:08:02,222] INFO [KafkaApi-0] Shutdown complete. (kafka.server.KafkaApis)
[2022-03-06 17:08:02,223] INFO [ExpirationReaper-0-topic]: Shutting down (kafka.server.DelayedOperationPurgatory$ExpiredOperationReaper)
[2022-03-06 17:08:02,237] INFO [ExpirationReaper-0-topic]: Shutdown completed (kafka.server.DelayedOperationPurgatory$ExpiredOperationReaper)
[2022-03-06 17:08:02,237] INFO [ExpirationReaper-0-topic]: Stopped (kafka.server.DelayedOperationPurgatory$ExpiredOperationReaper)
[2022-03-06 17:08:02,238] INFO [TransactionCoordinator id=0] Shutting down. (kafka.coordinator.transaction.TransactionCoordinator)
[2022-03-06 17:08:02,239] INFO [Transaction State Manager 0]: Shutdown complete (kafka.coordinator.transaction.TransactionStateManager)
[2022-03-06 17:08:02,239] INFO [Transaction Marker Channel Manager 0]: Shutting down (kafka.coordinator.transaction.TransactionMarkerChannelManager)
[2022-03-06 17:08:02,239] INFO [Transaction Marker Channel Manager 0]: Stopped (kafka.coordinator.transaction.TransactionMarkerChannelManager)
[2022-03-06 17:08:02,239] INFO [Transaction Marker Channel Manager 0]: Shutdown completed (kafka.coordinator.transaction.TransactionMarkerChannelManager)
[2022-03-06 17:08:02,239] INFO [TransactionCoordinator id=0] Shutdown complete. (kafka.coordinator.transaction.TransactionCoordinator)
[2022-03-06 17:08:02,240] INFO [GroupCoordinator 0]: Shutting down. (kafka.coordinator.group.GroupCoordinator)
[2022-03-06 17:08:02,240] INFO [ExpirationReaper-0-Heartbeat]: Shutting down (kafka.server.DelayedOperationPurgatory$ExpiredOperationReaper)
[2022-03-06 17:08:02,261] INFO [ExpirationReaper-0-Heartbeat]: Stopped (kafka.server.DelayedOperationPurgatory$ExpiredOperationReaper)
[2022-03-06 17:08:02,261] INFO [ExpirationReaper-0-Heartbeat]: Shutdown completed (kafka.server.DelayedOperationPurgatory$ExpiredOperationReaper)
[2022-03-06 17:08:02,261] INFO [ExpirationReaper-0-Rebalance]: Shutting down (kafka.server.DelayedOperationPurgatory$ExpiredOperationReaper)
[2022-03-06 17:08:02,327] INFO Terminating process due to signal SIGINT (org.apache.kafka.common.utils.LoggingSignalHandler)
[2022-03-06 17:08:02,457] INFO [ExpirationReaper-0-Rebalance]: Stopped (kafka.server.DelayedOperationPurgatory$ExpiredOperationReaper)
[2022-03-06 17:08:02,457] INFO [ExpirationReaper-0-Rebalance]: Shutdown completed (kafka.server.DelayedOperationPurgatory$ExpiredOperationReaper)
[2022-03-06 17:08:02,457] INFO [GroupCoordinator 0]: Shutdown complete. (kafka.coordinator.group.GroupCoordinator)
[2022-03-06 17:08:02,458] INFO [ReplicaManager broker=0] Shutting down (kafka.server.ReplicaManager)
[2022-03-06 17:08:02,458] INFO [LogDirFailureHandler]: Shutting down (kafka.server.ReplicaManager$LogDirFailureHandler)
[2022-03-06 17:08:02,458] INFO [LogDirFailureHandler]: Stopped (kafka.server.ReplicaManager$LogDirFailureHandler)
[2022-03-06 17:08:02,458] INFO [LogDirFailureHandler]: Shutdown completed (kafka.server.ReplicaManager$LogDirFailureHandler)
[2022-03-06 17:08:02,459] INFO [ReplicaFetcherManager on broker 0] shutting down (kafka.server.ReplicaFetcherManager)
[2022-03-06 17:08:02,459] INFO [ReplicaFetcherManager on broker 0] shutdown completed (kafka.server.ReplicaFetcherManager)
[2022-03-06 17:08:02,460] INFO [ReplicaAlterLogDirsManager on broker 0] shutting down (kafka.server.ReplicaAlterLogDirsManager)
[2022-03-06 17:08:02,460] INFO [ReplicaAlterLogDirsManager on broker 0] shutdown completed (kafka.server.ReplicaAlterLogDirsManager)
[2022-03-06 17:08:02,460] INFO [ExpirationReaper-0-Fetch]: Shutting down (kafka.server.DelayedOperationPurgatory$ExpiredOperationReaper)
[2022-03-06 17:08:02,521] INFO [ExpirationReaper-0-Fetch]: Stopped (kafka.server.DelayedOperationPurgatory$ExpiredOperationReaper)
[2022-03-06 17:08:02,521] INFO [ExpirationReaper-0-Fetch]: Shutdown completed (kafka.server.DelayedOperationPurgatory$ExpiredOperationReaper)
[2022-03-06 17:08:02,522] INFO [ExpirationReaper-0-Produce]: Shutting down (kafka.server.DelayedOperationPurgatory$ExpiredOperationReaper)
[2022-03-06 17:08:02,648] INFO [ExpirationReaper-0-Produce]: Shutdown completed (kafka.server.DelayedOperationPurgatory$ExpiredOperationReaper)
[2022-03-06 17:08:02,648] INFO [ExpirationReaper-0-Produce]: Stopped (kafka.server.DelayedOperationPurgatory$ExpiredOperationReaper)
[2022-03-06 17:08:02,648] INFO [ExpirationReaper-0-DeleteRecords]: Shutting down (kafka.server.DelayedOperationPurgatory$ExpiredOperationReaper)
[2022-03-06 17:08:02,652] INFO [ExpirationReaper-0-DeleteRecords]: Stopped (kafka.server.DelayedOperationPurgatory$ExpiredOperationReaper)
[2022-03-06 17:08:02,652] INFO [ExpirationReaper-0-DeleteRecords]: Shutdown completed (kafka.server.DelayedOperationPurgatory$ExpiredOperationReaper)
[2022-03-06 17:08:02,652] INFO [ExpirationReaper-0-ElectLeader]: Shutting down (kafka.server.DelayedOperationPurgatory$ExpiredOperationReaper)
[2022-03-06 17:08:02,655] INFO [ExpirationReaper-0-ElectLeader]: Stopped (kafka.server.DelayedOperationPurgatory$ExpiredOperationReaper)
[2022-03-06 17:08:02,656] INFO [ExpirationReaper-0-ElectLeader]: Shutdown completed (kafka.server.DelayedOperationPurgatory$ExpiredOperationReaper)
[2022-03-06 17:08:02,660] INFO [ReplicaManager broker=0] Shut down completely (kafka.server.ReplicaManager)
[2022-03-06 17:08:02,661] INFO [BrokerToControllerChannelManager broker=0 name=alterIsr]: Shutting down (kafka.server.BrokerToControllerRequestThread)
[2022-03-06 17:08:02,661] INFO [BrokerToControllerChannelManager broker=0 name=alterIsr]: Stopped (kafka.server.BrokerToControllerRequestThread)
[2022-03-06 17:08:02,661] INFO [BrokerToControllerChannelManager broker=0 name=alterIsr]: Shutdown completed (kafka.server.BrokerToControllerRequestThread)
[2022-03-06 17:08:02,665] INFO Broker to controller channel manager for alterIsr shutdown (kafka.server.BrokerToControllerChannelManagerImpl)
[2022-03-06 17:08:02,665] INFO [BrokerToControllerChannelManager broker=0 name=forwarding]: Shutting down (kafka.server.BrokerToControllerRequestThread)
[2022-03-06 17:08:02,665] INFO [BrokerToControllerChannelManager broker=0 name=forwarding]: Stopped (kafka.server.BrokerToControllerRequestThread)
[2022-03-06 17:08:02,665] INFO [BrokerToControllerChannelManager broker=0 name=forwarding]: Shutdown completed (kafka.server.BrokerToControllerRequestThread)
[2022-03-06 17:08:02,665] INFO Broker to controller channel manager for forwarding shutdown (kafka.server.BrokerToControllerChannelManagerImpl)
[2022-03-06 17:08:02,666] INFO Shutting down. (kafka.log.LogManager)
[2022-03-06 17:08:02,687] INFO [ProducerStateManager partition=__consumer_offsets-29] Wrote producer snapshot at offset 9 with 0 producer ids in 1 ms. (kafka.log.ProducerStateManager)
[2022-03-06 17:08:02,689] INFO [ProducerStateManager partition=__consumer_offsets-0] Wrote producer snapshot at offset 18 with 0 producer ids in 1 ms. (kafka.log.ProducerStateManager)
[2022-03-06 17:08:02,691] INFO [ProducerStateManager partition=__consumer_offsets-30] Wrote producer snapshot at offset 30 with 0 producer ids in 0 ms. (kafka.log.ProducerStateManager)
[2022-03-06 17:08:02,693] INFO [ProducerStateManager partition=__consumer_offsets-19] Wrote producer snapshot at offset 9 with 0 producer ids in 0 ms. (kafka.log.ProducerStateManager)
[2022-03-06 17:08:02,697] INFO [ProducerStateManager partition=__consumer_offsets-49] Wrote producer snapshot at offset 9 with 0 producer ids in 0 ms. (kafka.log.ProducerStateManager)
[2022-03-06 17:08:02,699] INFO [ProducerStateManager partition=__consumer_offsets-32] Wrote producer snapshot at offset 21 with 0 producer ids in 0 ms. (kafka.log.ProducerStateManager)
[2022-03-06 17:08:02,700] INFO [ProducerStateManager partition=test-demand3-0] Wrote producer snapshot at offset 125 with 0 producer ids in 1 ms. (kafka.log.ProducerStateManager)
[2022-03-06 17:08:02,702] INFO [ProducerStateManager partition=__consumer_offsets-36] Wrote producer snapshot at offset 24 with 0 producer ids in 0 ms. (kafka.log.ProducerStateManager)
[2022-03-06 17:08:02,703] INFO [ProducerStateManager partition=__consumer_offsets-45] Wrote producer snapshot at offset 21 with 0 producer ids in 1 ms. (kafka.log.ProducerStateManager)
[2022-03-06 17:08:02,704] INFO [ProducerStateManager partition=__consumer_offsets-11] Wrote producer snapshot at offset 9 with 0 producer ids in 0 ms. (kafka.log.ProducerStateManager)
[2022-03-06 17:08:02,705] INFO [ProducerStateManager partition=__consumer_offsets-47] Wrote producer snapshot at offset 18 with 0 producer ids in 0 ms. (kafka.log.ProducerStateManager)
[2022-03-06 17:08:02,706] INFO [ProducerStateManager partition=__consumer_offsets-48] Wrote producer snapshot at offset 24 with 0 producer ids in 0 ms. (kafka.log.ProducerStateManager)
[2022-03-06 17:08:02,708] INFO [ProducerStateManager partition=__consumer_offsets-42] Wrote producer snapshot at offset 24 with 0 producer ids in 0 ms. (kafka.log.ProducerStateManager)
[2022-03-06 17:08:02,712] INFO [ProducerStateManager partition=__consumer_offsets-34] Wrote producer snapshot at offset 24 with 0 producer ids in 1 ms. (kafka.log.ProducerStateManager)
[2022-03-06 17:08:02,713] INFO [ProducerStateManager partition=__consumer_offsets-14] Wrote producer snapshot at offset 12 with 0 producer ids in 0 ms. (kafka.log.ProducerStateManager)
[2022-03-06 17:08:02,717] INFO Shutdown complete. (kafka.log.LogManager)
[2022-03-06 17:08:02,720] INFO [feature-zk-node-event-process-thread]: Shutting down (kafka.server.FinalizedFeatureChangeListener$ChangeNotificationProcessorThread)
[2022-03-06 17:08:02,720] INFO [feature-zk-node-event-process-thread]: Stopped (kafka.server.FinalizedFeatureChangeListener$ChangeNotificationProcessorThread)
[2022-03-06 17:08:02,720] INFO [feature-zk-node-event-process-thread]: Shutdown completed (kafka.server.FinalizedFeatureChangeListener$ChangeNotificationProcessorThread)
[2022-03-06 17:08:02,720] INFO [ZooKeeperClient Kafka server] Closing. (kafka.zookeeper.ZooKeeperClient)
[2022-03-06 17:08:02,830] INFO Session: 0x10000d758570001 closed (org.apache.zookeeper.ZooKeeper)
[2022-03-06 17:08:02,830] INFO EventThread shut down for session: 0x10000d758570001 (org.apache.zookeeper.ClientCnxn)
[2022-03-06 17:08:02,831] INFO [ZooKeeperClient Kafka server] Closed. (kafka.zookeeper.ZooKeeperClient)
[2022-03-06 17:08:02,831] INFO [ThrottledChannelReaper-Fetch]: Shutting down (kafka.server.ClientQuotaManager$ThrottledChannelReaper)
[2022-03-06 17:08:03,501] INFO [ThrottledChannelReaper-Fetch]: Stopped (kafka.server.ClientQuotaManager$ThrottledChannelReaper)
[2022-03-06 17:08:03,501] INFO [ThrottledChannelReaper-Fetch]: Shutdown completed (kafka.server.ClientQuotaManager$ThrottledChannelReaper)
[2022-03-06 17:08:03,501] INFO [ThrottledChannelReaper-Produce]: Shutting down (kafka.server.ClientQuotaManager$ThrottledChannelReaper)
[2022-03-06 17:08:04,454] INFO [ThrottledChannelReaper-Produce]: Stopped (kafka.server.ClientQuotaManager$ThrottledChannelReaper)
[2022-03-06 17:08:04,454] INFO [ThrottledChannelReaper-Produce]: Shutdown completed (kafka.server.ClientQuotaManager$ThrottledChannelReaper)
[2022-03-06 17:08:04,454] INFO [ThrottledChannelReaper-Request]: Shutting down (kafka.server.ClientQuotaManager$ThrottledChannelReaper)
[2022-03-06 17:08:05,189] INFO [ThrottledChannelReaper-Request]: Stopped (kafka.server.ClientQuotaManager$ThrottledChannelReaper)
[2022-03-06 17:08:05,189] INFO [ThrottledChannelReaper-Request]: Shutdown completed (kafka.server.ClientQuotaManager$ThrottledChannelReaper)
[2022-03-06 17:08:05,189] INFO [ThrottledChannelReaper-ControllerMutation]: Shutting down (kafka.server.ClientQuotaManager$ThrottledChannelReaper)
[2022-03-06 17:08:05,879] INFO [ThrottledChannelReaper-ControllerMutation]: Stopped (kafka.server.ClientQuotaManager$ThrottledChannelReaper)
[2022-03-06 17:08:05,879] INFO [ThrottledChannelReaper-ControllerMutation]: Shutdown completed (kafka.server.ClientQuotaManager$ThrottledChannelReaper)
[2022-03-06 17:08:05,882] INFO [SocketServer listenerType=ZK_BROKER, nodeId=0] Shutting down socket server (kafka.network.SocketServer)
[2022-03-06 17:08:05,902] INFO [SocketServer listenerType=ZK_BROKER, nodeId=0] Shutdown completed (kafka.network.SocketServer)
[2022-03-06 17:08:05,903] INFO Metrics scheduler closed (org.apache.kafka.common.metrics.Metrics)
[2022-03-06 17:08:05,903] INFO Closing reporter org.apache.kafka.common.metrics.JmxReporter (org.apache.kafka.common.metrics.Metrics)
[2022-03-06 17:08:05,903] INFO Metrics reporters closed (org.apache.kafka.common.metrics.Metrics)
[2022-03-06 17:08:05,904] INFO Broker and topic stats closed (kafka.server.BrokerTopicStats)
[2022-03-06 17:08:05,905] INFO App info kafka.server for 0 unregistered (org.apache.kafka.common.utils.AppInfoParser)
[2022-03-06 17:08:05,905] INFO [KafkaServer id=0] shut down completed (kafka.server.KafkaServer)
